app/build/intermediates/manifest_merge_blame_file/release/manifest-merger-blame-release-report.txt
1<?xml version="1.0" encoding="utf-8"?>
2<manifest xmlns:android="http://schemas.android.com/apk/res/android"
3    package="com.kadama.aprendepatrones"
4    android:versionCode="1"
5    android:versionName="1.0" >
6
7    <uses-sdk
8        android:minSdkVersion="14"
8-->src\main\AndroidManifest.xml
9        android:targetSdkVersion="29" />
9-->src\main\AndroidManifest.xml
10
11    <uses-permission android:name="android.permission.INTERNET" />
11-->src\main\AndroidManifest.xml:4:5-67
11-->src\main\AndroidManifest.xml:4:22-64
12    <uses-permission android:name="android.permission.ACCESS_NETWORK_STATE" />
12-->[com.google.android.gms:play-services-ads-lite:18.3.0] AndroidManifest.xml:24:5-79
12-->[com.google.android.gms:play-services-ads-lite:18.3.0] AndroidManifest.xml:24:22-76
13    <uses-permission android:name="android.permission.WAKE_LOCK" />
13-->[com.google.android.gms:play-services-measurement-sdk-api:17.1.0] AndroidManifest.xml:25:5-68
13-->[com.google.android.gms:play-services-measurement-sdk-api:17.1.0] AndroidManifest.xml:25:22-65
14
15    <application
15-->src\main\AndroidManifest.xml:7:5-35:19
16        android:allowBackup="true"
16-->src\main\AndroidManifest.xml:8:9-35
17        android:appComponentFactory="androidx.core.app.CoreComponentFactory"
17-->[androidx.core:core:1.0.1] AndroidManifest.xml:22:18-86
18        android:icon="@mipmap/ic_launcher"
18-->src\main\AndroidManifest.xml:9:9-43
19        android:label="@string/app_name"
19-->src\main\AndroidManifest.xml:10:9-41
20        android:roundIcon="@mipmap/ic_launcher_round"
20-->src\main\AndroidManifest.xml:11:9-54
21        android:supportsRtl="true"
21-->src\main\AndroidManifest.xml:12:9-35
22        android:theme="@style/AppTheme" >
22-->src\main\AndroidManifest.xml:13:9-40
23
24        <!-- Sample AdMob App ID: ca-app-pub-3940256099942544~3347511713 -->
25        <meta-data
25-->src\main\AndroidManifest.xml:16:9-18:69
26            android:name="com.google.android.gms.ads.APPLICATION_ID"
26-->src\main\AndroidManifest.xml:17:13-69
27            android:value="ca-app-pub-3940256099942544~3347511713" />
27-->src\main\AndroidManifest.xml:18:13-67
28
29        <activity android:name="com.kadama.aprendepatrones.intermedio" />
29-->src\main\AndroidManifest.xml:21:9-57
29-->src\main\AndroidManifest.xml:21:19-45
30        <activity android:name="com.kadama.aprendepatrones.dificil" />
30-->src\main\AndroidManifest.xml:22:9-45
30-->src\main\AndroidManifest.xml:22:19-42
31        <activity android:name="com.kadama.aprendepatrones.facil" />
31-->src\main\AndroidManifest.xml:23:9-43
31-->src\main\AndroidManifest.xml:23:19-40
32        <activity android:name="com.kadama.aprendepatrones.MainActivity" >
32-->src\main\AndroidManifest.xml:24:9-34:20
32-->src\main\AndroidManifest.xml:24:19-47
33            <intent-filter>
33-->src\main\AndroidManifest.xml:29:13-33:29
34                <action android:name="android.intent.action.MAIN" />
34-->src\main\AndroidManifest.xml:30:17-69
34-->src\main\AndroidManifest.xml:30:25-66
35
36                <category android:name="android.intent.category.LAUNCHER" />
36-->src\main\AndroidManifest.xml:32:17-77
36-->src\main\AndroidManifest.xml:32:27-74
37            </intent-filter>
38        </activity>
39        <!-- Include the AdActivity and InAppPurchaseActivity configChanges and themes. -->
40        <activity
40-->[com.google.android.gms:play-services-ads-lite:18.3.0] AndroidManifest.xml:29:9-33:64
41            android:name="com.google.android.gms.ads.AdActivity"
41-->[com.google.android.gms:play-services-ads-lite:18.3.0] AndroidManifest.xml:30:13-65
42            android:configChanges="keyboard|keyboardHidden|orientation|screenLayout|uiMode|screenSize|smallestScreenSize"
42-->[com.google.android.gms:play-services-ads-lite:18.3.0] AndroidManifest.xml:31:13-122
43            android:exported="false"
43-->[com.google.android.gms:play-services-ads-lite:18.3.0] AndroidManifest.xml:32:13-37
44            android:theme="@android:style/Theme.Translucent" />
44-->[com.google.android.gms:play-services-ads-lite:18.3.0] AndroidManifest.xml:33:13-61
45
46        <provider
46-->[com.google.android.gms:play-services-ads-lite:18.3.0] AndroidManifest.xml:35:9-39:39
47            android:name="com.google.android.gms.ads.MobileAdsInitProvider"
47-->[com.google.android.gms:play-services-ads-lite:18.3.0] AndroidManifest.xml:36:13-76
48            android:authorities="com.kadama.aprendepatrones.mobileadsinitprovider"
48-->[com.google.android.gms:play-services-ads-lite:18.3.0] AndroidManifest.xml:37:13-73
49            android:exported="false"
49-->[com.google.android.gms:play-services-ads-lite:18.3.0] AndroidManifest.xml:38:13-37
50            android:initOrder="100" />
50-->[com.google.android.gms:play-services-ads-lite:18.3.0] AndroidManifest.xml:39:13-36
51
52        <meta-data
52-->[com.google.android.gms:play-services-basement:17.0.0] AndroidManifest.xml:23:9-25:69
53            android:name="com.google.android.gms.version"
53-->[com.google.android.gms:play-services-basement:17.0.0] AndroidManifest.xml:24:13-58
54            android:value="@integer/google_play_services_version" />
54-->[com.google.android.gms:play-services-basement:17.0.0] AndroidManifest.xml:25:13-66
55    </application>
56
57</manifest>